<?xml version="1.0" encoding="UTF-8"?>
<!-- Generated by org.testng.reporters.JUnitXMLReporter -->
<testsuite ignored="0" hostname="DESKTOP-QMCSQFA" failures="1" tests="1" name="Test" time="29.482" errors="0" timestamp="2023-08-19T19:45:05 IST">
  <testcase classname="io.cucumber.testng.AbstractTestNGCucumberTests" name="runScenario" time="27.847">
    <failure type="java.lang.AssertionError" message="expected [true] but found [false]">
      <![CDATA[java.lang.AssertionError: expected [true] but found [false]
at stepDefinitions.Steps.user_clicks_on_link_o2_service_live_chat(Steps.java:41)
at ✽.User clicks on link O2 Service live chat(file:///F:/ProjectsEclipse/O2Cucumber/com.cucumber.o2/src/test/resources/Features/Login.feature:8)
... Removed 4 stack frames]]>
    </failure>
  </testcase> <!-- runScenario -->
</testsuite> <!-- Test -->
