<?xml version="1.0" encoding="UTF-8"?>
<testng-results ignored="0" total="1" passed="1" failed="0" skipped="0">
  <reporter-output>
  </reporter-output>
  <suite started-at="2023-08-19T19:23:28 IST" name="Suite" finished-at="2023-08-19T19:23:52 IST" duration-ms="23777">
    <groups>
      <group name="cucumber">
        <method signature="AbstractTestNGCucumberTests.runScenario(io.cucumber.testng.PickleWrapper,io.cucumber.testng.FeatureWrapper)[pri:0, instance:testRunner.TestRunner@3857f613]" name="runScenario" class="io.cucumber.testng.AbstractTestNGCucumberTests"/>
      </group> <!-- cucumber -->
    </groups>
    <test started-at="2023-08-19T19:23:28 IST" name="Test" finished-at="2023-08-19T19:23:52 IST" duration-ms="23777">
      <class name="testRunner.TestRunner">
        <test-method is-config="true" signature="setUpClass(org.testng.ITestContext)[pri:0, instance:testRunner.TestRunner@3857f613]" started-at="2023-08-19T19:23:28 IST" name="setUpClass" finished-at="2023-08-19T19:23:29 IST" duration-ms="868" status="PASS">
          <params>
            <param index="0">
              <value>
                <![CDATA[org.testng.TestRunner@24f870ee]]>
              </value>
            </param>
          </params>
          <reporter-output>
          </reporter-output>
        </test-method> <!-- setUpClass -->
        <test-method signature="runScenario(io.cucumber.testng.PickleWrapper,io.cucumber.testng.FeatureWrapper)[pri:0, instance:testRunner.TestRunner@3857f613]" started-at="2023-08-19T19:23:29 IST" name="runScenario" description="Runs Cucumber Scenarios" data-provider="scenarios" finished-at="2023-08-19T19:23:52 IST" duration-ms="22362" status="PASS">
          <params>
            <param index="0">
              <value>
                <![CDATA["Verifying the O2 Chat Monitoring System"]]>
              </value>
            </param>
            <param index="1">
              <value>
                <![CDATA["Chat Monitoring"]]>
              </value>
            </param>
          </params>
          <reporter-output>
          </reporter-output>
        </test-method> <!-- runScenario -->
        <test-method is-config="true" signature="tearDownClass()[pri:0, instance:testRunner.TestRunner@3857f613]" started-at="2023-08-19T19:23:52 IST" name="tearDownClass" finished-at="2023-08-19T19:23:52 IST" duration-ms="477" status="PASS">
          <reporter-output>
          </reporter-output>
        </test-method> <!-- tearDownClass -->
      </class> <!-- testRunner.TestRunner -->
    </test> <!-- Test -->
  </suite> <!-- Suite -->
</testng-results>
